# JRE version: Java(TM) SE Runtime Environment 18.9 (11.0.13+10) (build 11.0.13+10-LTS-370)
# Java VM: Java HotSpot(TM) 64-Bit Server VM 18.9 (11.0.13+10-LTS-370, mixed mode, tiered, compressed oops, g1 gc, windows-amd64)
Heap:
 garbage-first heap   total 262144K, used 175696K [0x00000000e0000000, 0x0000000100000000)
  region size 1024K, 138 young (141312K), 9 survivors (9216K)
 Metaspace       used 66128K, capacity 68537K, committed 68736K, reserved 313344K
  class space    used 8642K, capacity 9496K, committed 9600K, reserved 253952K
GC Heap History (10 events):
Event: 3.227 GC heap before
{Heap before GC invocations=3 (full 0):
 garbage-first heap   total 262144K, used 86235K [0x00000000e0000000, 0x0000000100000000)
  region size 1024K, 79 young (80896K), 11 survivors (11264K)
 Metaspace       used 27032K, capacity 27745K, committed 28032K, reserved 278528K
  class space    used 3581K, capacity 3844K, committed 3968K, reserved 253952K
}
Event: 3.237 GC heap after
{Heap after GC invocations=4 (full 0):
 garbage-first heap   total 262144K, used 19701K [0x00000000e0000000, 0x0000000100000000)
  region size 1024K, 3 young (3072K), 3 survivors (3072K)
 Metaspace       used 27032K, capacity 27745K, committed 28032K, reserved 278528K
  class space    used 3581K, capacity 3844K, committed 3968K, reserved 253952K
}
Event: 3.881 GC heap before
{Heap before GC invocations=4 (full 0):
 garbage-first heap   total 262144K, used 63733K [0x00000000e0000000, 0x0000000100000000)
  region size 1024K, 47 young (48128K), 3 survivors (3072K)
 Metaspace       used 34948K, capacity 35746K, committed 35840K, reserved 286720K
  class space    used 4562K, capacity 4899K, committed 4992K, reserved 253952K
}
Event: 3.887 GC heap after
{Heap after GC invocations=5 (full 0):
 garbage-first heap   total 262144K, used 22933K [0x00000000e0000000, 0x0000000100000000)
  region size 1024K, 7 young (7168K), 7 survivors (7168K)
 Metaspace       used 34948K, capacity 35746K, committed 35840K, reserved 286720K
  class space    used 4562K, capacity 4899K, committed 4992K, reserved 253952K
}
Event: 5.181 GC heap before
{Heap before GC invocations=6 (full 0):
 garbage-first heap   total 262144K, used 136597K [0x00000000e0000000, 0x0000000100000000)
  region size 1024K, 115 young (117760K), 7 survivors (7168K)
 Metaspace       used 45251K, capacity 46431K, committed 46464K, reserved 294912K
  class space    used 5831K, capacity 6241K, committed 6272K, reserved 253952K
}
Event: 5.196 GC heap after
{Heap after GC invocations=7 (full 0):
 garbage-first heap   total 262144K, used 30703K [0x00000000e0000000, 0x0000000100000000)
  region size 1024K, 14 young (14336K), 14 survivors (14336K)
 Metaspace       used 45251K, capacity 46431K, committed 46464K, reserved 294912K
  class space    used 5831K, capacity 6241K, committed 6272K, reserved 253952K
}
Event: 6.863 GC heap before
{Heap before GC invocations=7 (full 0):
 garbage-first heap   total 262144K, used 173039K [0x00000000e0000000, 0x0000000100000000)
  region size 1024K, 153 young (156672K), 14 survivors (14336K)
 Metaspace       used 53584K, capacity 55296K, committed 55424K, reserved 303104K
  class space    used 7140K, capacity 7739K, committed 7808K, reserved 253952K
}
Event: 6.879 GC heap after
{Heap after GC invocations=8 (full 0):
 garbage-first heap   total 262144K, used 37107K [0x00000000e0000000, 0x0000000100000000)
  region size 1024K, 15 young (15360K), 15 survivors (15360K)
 Metaspace       used 53584K, capacity 55296K, committed 55424K, reserved 303104K
  class space    used 7140K, capacity 7739K, committed 7808K, reserved 253952K
}
Event: 7.492 GC heap before
{Heap before GC invocations=8 (full 0):
 garbage-first heap   total 262144K, used 77043K [0x00000000e0000000, 0x0000000100000000)
  region size 1024K, 56 young (57344K), 15 survivors (15360K)
 Metaspace       used 58272K, capacity 60107K, committed 60160K, reserved 307200K
  class space    used 7754K, capacity 8403K, committed 8448K, reserved 253952K
}
Event: 7.513 GC heap after
{Heap after GC invocations=9 (full 0):
 garbage-first heap   total 262144K, used 43608K [0x00000000e0000000, 0x0000000100000000)
  region size 1024K, 14 young (14336K), 14 survivors (14336K)
 Metaspace       used 58272K, capacity 60107K, committed 60160K, reserved 307200K
  class space    used 7754K, capacity 8403K, committed 8448K, reserved 253952K
}

